<?xml version="1.0" encoding="UTF-8"?>
<testng-results skipped="0" failed="0" total="1" passed="1">
  <reporter-output>
  </reporter-output>
  <suite name="Suite" duration-ms="35132" started-at="2021-06-08T01:03:34Z" finished-at="2021-06-08T01:04:09Z">
    <groups>
    </groups>
    <test name="Test" duration-ms="35132" started-at="2021-06-08T01:03:34Z" finished-at="2021-06-08T01:04:09Z">
      <class name="testcases.browserDemo">
        <test-method status="PASS" signature="broserInit()[pri:0, instance:testcases.browserDemo@61dd025]" name="broserInit" duration-ms="35087" started-at="2021-06-08T06:33:34Z" finished-at="2021-06-08T06:34:09Z">
          <reporter-output>
          </reporter-output>
        </test-method> <!-- broserInit -->
      </class> <!-- testcases.browserDemo -->
    </test> <!-- Test -->
  </suite> <!-- Suite -->
</testng-results>
